<?xml version="1.0" ?>
<!DOCTYPE coverage SYSTEM "http://cobertura.sourceforge.net/xml/coverage-04.dtd">
<coverage lines-valid="189"  lines-covered="186"  line-rate="0.9841"  branches-valid="147"  branches-covered="136"  branch-rate="0.9251999999999999"  timestamp="1419114207446" complexity="0" version="0.1">
<sources>
	<source>/home/postdawn/Dev/Postdawn/ee-class</source>
</sources>
<packages>
	<package name="lib"  line-rate="0.9841"  branch-rate="0.9251999999999999" >
	<classes>
		<class name="Class.js"  filename="lib/Class.js"  line-rate="1"  branch-rate="1" >
		<methods>
			<method name="(anonymous_1)"  hits="1"  signature="()V" >
				<lines><line number="2"  hits="1" /></lines>
			</method>
			<method name="(anonymous_2)"  hits="1"  signature="()V" >
				<lines><line number="18"  hits="1" /></lines>
			</method>
			<method name="(anonymous_3)"  hits="36"  signature="()V" >
				<lines><line number="25"  hits="36" /></lines>
			</method>
			<method name="(anonymous_4)"  hits="6"  signature="()V" >
				<lines><line number="26"  hits="6" /></lines>
			</method>
			<method name="(anonymous_5)"  hits="37"  signature="()V" >
				<lines><line number="36"  hits="37" /></lines>
			</method>
			<method name="(anonymous_6)"  hits="258"  signature="()V" >
				<lines><line number="53"  hits="258" /></lines>
			</method>
			<method name="(anonymous_7)"  hits="116"  signature="()V" >
				<lines><line number="66"  hits="116" /></lines>
			</method>
			<method name="(anonymous_8)"  hits="45"  signature="()V" >
				<lines><line number="85"  hits="45" /></lines>
			</method>
			<method name="(anonymous_9)"  hits="48"  signature="()V" >
				<lines><line number="106"  hits="48" /></lines>
			</method>
			<method name="(anonymous_10)"  hits="48"  signature="()V" >
				<lines><line number="129"  hits="48" /></lines>
			</method>
			<method name="(anonymous_11)"  hits="2"  signature="()V" >
				<lines><line number="135"  hits="2" /></lines>
			</method>
			<method name="(anonymous_12)"  hits="30"  signature="()V" >
				<lines><line number="141"  hits="30" /></lines>
			</method>
			<method name="(anonymous_13)"  hits="2"  signature="()V" >
				<lines><line number="147"  hits="2" /></lines>
			</method>
			<method name="(anonymous_14)"  hits="7"  signature="()V" >
				<lines><line number="152"  hits="7" /></lines>
			</method>
			<method name="(anonymous_15)"  hits="194"  signature="()V" >
				<lines><line number="159"  hits="194" /></lines>
			</method>
			<method name="(anonymous_16)"  hits="1"  signature="()V" >
				<lines><line number="164"  hits="1" /></lines>
			</method>
			<method name="(anonymous_17)"  hits="3"  signature="()V" >
				<lines><line number="165"  hits="3" /></lines>
			</method>
			<method name="(anonymous_18)"  hits="6"  signature="()V" >
				<lines><line number="173"  hits="6" /></lines>
			</method>
			<method name="(anonymous_19)"  hits="24"  signature="()V" >
				<lines><line number="178"  hits="24" /></lines>
			</method>
			<method name="(anonymous_20)"  hits="0"  signature="()V" >
				<lines><line number="180"  hits="0" /></lines>
			</method>
		</methods>
		<lines>
			<line number="2"  hits="1"  branch="false" />
			<line number="6"  hits="1"  branch="true"  condition-coverage="50% (2/4)" />
			<line number="8"  hits="1"  branch="false" />
			<line number="9"  hits="1"  branch="true"  condition-coverage="50% (1/2)" />
			<line number="13"  hits="1"  branch="false" />
			<line number="16"  hits="1"  branch="false" />
			<line number="21"  hits="1"  branch="false" />
			<line number="25"  hits="1"  branch="false" />
			<line number="26"  hits="36"  branch="false" />
			<line number="27"  hits="6"  branch="true"  condition-coverage="50% (1/2)" />
			<line number="28"  hits="1"  branch="false" />
			<line number="31"  hits="36"  branch="true"  condition-coverage="100% (4/4)" />
			<line number="36"  hits="1"  branch="false" />
			<line number="37"  hits="37"  branch="true"  condition-coverage="100% (2/2)" />
			<line number="38"  hits="30"  branch="true"  condition-coverage="100% (2/2)" />
			<line number="39"  hits="6"  branch="false" />
			<line number="41"  hits="24"  branch="true"  condition-coverage="50% (3/6)" />
			<line number="43"  hits="1"  branch="false" />
			<line number="46"  hits="24"  branch="true"  condition-coverage="50% (1/2)" />
			<line number="53"  hits="1"  branch="false" />
			<line number="54"  hits="258"  branch="false" />
			<line number="57"  hits="258"  branch="true"  condition-coverage="100% (2/2)" />
			<line number="58"  hits="203"  branch="false" />
			<line number="63"  hits="55"  branch="true"  condition-coverage="75% (3/4)" />
			<line number="66"  hits="55"  branch="false" />
			<line number="67"  hits="116"  branch="false" />
			<line number="70"  hits="116"  branch="true"  condition-coverage="100% (2/2)" />
			<line number="73"  hits="105"  branch="true"  condition-coverage="100% (2/2)" />
			<line number="74"  hits="31"  branch="false" />
			<line number="77"  hits="31"  branch="false" />
			<line number="81"  hits="74"  branch="true"  condition-coverage="100% (4/4)" />
			<line number="84"  hits="28"  branch="true"  condition-coverage="100% (5/5)" />
			<line number="85"  hits="45"  branch="true"  condition-coverage="50% (1/2)" />
			<line number="87"  hits="27"  branch="false" />
			<line number="88"  hits="27"  branch="true"  condition-coverage="100% (2/2)" />
			<line number="91"  hits="1"  branch="false" />
			<line number="95"  hits="1"  branch="false" />
			<line number="100"  hits="46"  branch="false" />
			<line number="106"  hits="55"  branch="false" />
			<line number="107"  hits="48"  branch="false" />
			<line number="109"  hits="48"  branch="true"  condition-coverage="100% (2/2)" />
			<line number="111"  hits="47"  branch="true"  condition-coverage="100% (2/2)" />
			<line number="112"  hits="15"  branch="true"  condition-coverage="100% (2/2)" />
			<line number="114"  hits="47"  branch="true"  condition-coverage="100% (2/2)" />
			<line number="119"  hits="55"  branch="true"  condition-coverage="75% (3/4)" />
			<line number="122"  hits="55"  branch="false" />
			<line number="124"  hits="55"  branch="false" />
			<line number="129"  hits="1"  branch="false" />
			<line number="130"  hits="48"  branch="false" />
			<line number="131"  hits="48"  branch="false" />
			<line number="135"  hits="1"  branch="false" />
			<line number="136"  hits="2"  branch="false" />
			<line number="137"  hits="2"  branch="false" />
			<line number="141"  hits="1"  branch="false" />
			<line number="142"  hits="30"  branch="false" />
			<line number="143"  hits="30"  branch="false" />
			<line number="147"  hits="1"  branch="false" />
			<line number="148"  hits="2"  branch="true"  condition-coverage="50% (1/2)" />
			<line number="152"  hits="1"  branch="false" />
			<line number="153"  hits="7"  branch="false" />
			<line number="154"  hits="10"  branch="false" />
			<line number="155"  hits="7"  branch="false" />
			<line number="159"  hits="1"  branch="false" />
			<line number="160"  hits="194"  branch="false" />
			<line number="164"  hits="1"  branch="false" />
			<line number="165"  hits="1"  branch="false" />
			<line number="166"  hits="3"  branch="false" />
			<line number="169"  hits="1"  branch="false" />
			<line number="173"  hits="1"  branch="false" />
			<line number="174"  hits="6"  branch="true"  condition-coverage="100% (2/2)" />
			<line number="176"  hits="6"  branch="true"  condition-coverage="50% (2/4)" />
			<line number="178"  hits="6"  branch="false" />
			<line number="179"  hits="24"  branch="true"  condition-coverage="100% (2/2)" />
			<line number="180"  hits="18"  branch="false" />
			<line number="182"  hits="6"  branch="true"  condition-coverage="100% (2/2)" />
			<line number="183"  hits="3"  branch="false" />
			<line number="187"  hits="6"  branch="true"  condition-coverage="100% (2/2)" />
			<line number="188"  hits="5"  branch="false" />
			<line number="189"  hits="5"  branch="false" />
			<line number="193"  hits="6"  branch="false" />
			<line number="196"  hits="1"  branch="false" />
		</lines>
		</class>
		<class name="EventEmitter.js"  filename="lib/EventEmitter.js"  line-rate="1"  branch-rate="1" >
		<methods>
			<method name="(anonymous_1)"  hits="1"  signature="()V" >
				<lines><line number="2"  hits="1" /></lines>
			</method>
			<method name="(anonymous_2)"  hits="1"  signature="()V" >
				<lines><line number="18"  hits="1" /></lines>
			</method>
			<method name="(anonymous_3)"  hits="0"  signature="()V" >
				<lines><line number="28"  hits="0" /></lines>
			</method>
			<method name="(anonymous_4)"  hits="0"  signature="()V" >
				<lines><line number="34"  hits="0" /></lines>
			</method>
			<method name="(anonymous_5)"  hits="0"  signature="()V" >
				<lines><line number="54"  hits="0" /></lines>
			</method>
			<method name="(anonymous_6)"  hits="0"  signature="()V" >
				<lines><line number="66"  hits="0" /></lines>
			</method>
			<method name="(anonymous_7)"  hits="0"  signature="()V" >
				<lines><line number="72"  hits="0" /></lines>
			</method>
			<method name="(anonymous_8)"  hits="0"  signature="()V" >
				<lines><line number="99"  hits="0" /></lines>
			</method>
			<method name="(anonymous_9)"  hits="0"  signature="()V" >
				<lines><line number="106"  hits="0" /></lines>
			</method>
			<method name="(anonymous_10)"  hits="0"  signature="()V" >
				<lines><line number="127"  hits="0" /></lines>
			</method>
		</methods>
		<lines>
			<line number="2"  hits="1"  branch="false" />
			<line number="6"  hits="1"  branch="true"  condition-coverage="50% (2/4)" />
			<line number="8"  hits="1"  branch="false" />
			<line number="9"  hits="1"  branch="true"  condition-coverage="50% (1/2)" />
			<line number="13"  hits="1"  branch="false" />
			<line number="16"  hits="1"  branch="false" />
			<line number="21"  hits="1"  branch="false" />
			<line number="25"  hits="1"  branch="false" />
			<line number="29"  hits="1"  branch="true"  condition-coverage="0% (0/2)" />
			<line number="30"  hits="1"  branch="false" />
			<line number="35"  hits="1"  branch="false" />
			<line number="38"  hits="1"  branch="true"  condition-coverage="0% (0/2)" />
			<line number="39"  hits="1"  branch="false" />
			<line number="40"  hits="1"  branch="false" />
			<line number="41"  hits="1"  branch="false" />
			<line number="43"  hits="1"  branch="true"  condition-coverage="0% (0/2)" />
			<line number="44"  hits="1"  branch="false" />
			<line number="45"  hits="1"  branch="true"  condition-coverage="0% (0/2)" />
			<line number="48"  hits="1"  branch="false" />
			<line number="49"  hits="1"  branch="false" />
			<line number="53"  hits="1"  branch="true"  condition-coverage="0% (0/2)" />
			<line number="54"  hits="1"  branch="false" />
			<line number="55"  hits="1"  branch="false" />
			<line number="58"  hits="1"  branch="false" />
			<line number="59"  hits="1"  branch="false" />
			<line number="62"  hits="1"  branch="false" />
			<line number="67"  hits="1"  branch="true"  condition-coverage="0% (0/4)" />
			<line number="73"  hits="1"  branch="false" />
			<line number="75"  hits="1"  branch="true"  condition-coverage="0% (0/2)" />
			<line number="76"  hits="1"  branch="true"  condition-coverage="0% (0/4)" />
			<line number="77"  hits="1"  branch="false" />
			<line number="79"  hits="1"  branch="false" />
			<line number="80"  hits="1"  branch="true"  condition-coverage="0% (0/2)" />
			<line number="81"  hits="1"  branch="false" />
			<line number="85"  hits="1"  branch="true"  condition-coverage="0% (0/2)" />
			<line number="88"  hits="1"  branch="false" />
			<line number="91"  hits="1"  branch="false" />
			<line number="93"  hits="1"  branch="false" />
			<line number="100"  hits="1"  branch="false" />
			<line number="107"  hits="1"  branch="false" />
			<line number="109"  hits="1"  branch="true"  condition-coverage="0% (0/2)" />
			<line number="111"  hits="1"  branch="false" />
			<line number="112"  hits="1"  branch="false" />
			<line number="114"  hits="1"  branch="false" />
			<line number="115"  hits="1"  branch="false" />
			<line number="119"  hits="1"  branch="false" />
			<line number="122"  hits="1"  branch="false" />
			<line number="128"  hits="1"  branch="true"  condition-coverage="0% (0/2)" />
			<line number="130"  hits="1"  branch="false" />
			<line number="132"  hits="1"  branch="false" />
			<line number="139"  hits="1"  branch="false" />
		</lines>
		</class>
		<class name="Namespace.js"  filename="lib/Namespace.js"  line-rate="0.9473999999999999"  branch-rate="0.725" >
		<methods>
			<method name="(anonymous_1)"  hits="1"  signature="()V" >
				<lines><line number="2"  hits="1" /></lines>
			</method>
			<method name="(anonymous_2)"  hits="1"  signature="()V" >
				<lines><line number="18"  hits="1" /></lines>
			</method>
			<method name="(anonymous_3)"  hits="22"  signature="()V" >
				<lines><line number="25"  hits="22" /></lines>
			</method>
			<method name="(anonymous_4)"  hits="22"  signature="()V" >
				<lines><line number="33"  hits="22" /></lines>
			</method>
			<method name="(anonymous_5)"  hits="8"  signature="()V" >
				<lines><line number="37"  hits="8" /></lines>
			</method>
			<method name="(anonymous_6)"  hits="4"  signature="()V" >
				<lines><line number="55"  hits="4" /></lines>
			</method>
			<method name="(anonymous_7)"  hits="5"  signature="()V" >
				<lines><line number="66"  hits="5" /></lines>
			</method>
			<method name="(anonymous_8)"  hits="6"  signature="()V" >
				<lines><line number="82"  hits="6" /></lines>
			</method>
			<method name="(anonymous_9)"  hits="1"  signature="()V" >
				<lines><line number="91"  hits="1" /></lines>
			</method>
			<method name="(anonymous_10)"  hits="10"  signature="()V" >
				<lines><line number="105"  hits="10" /></lines>
			</method>
			<method name="(anonymous_11)"  hits="6"  signature="()V" >
				<lines><line number="111"  hits="6" /></lines>
			</method>
		</methods>
		<lines>
			<line number="2"  hits="1"  branch="false" />
			<line number="6"  hits="1"  branch="true"  condition-coverage="50% (2/4)" />
			<line number="8"  hits="1"  branch="false" />
			<line number="9"  hits="1"  branch="true"  condition-coverage="50% (1/2)" />
			<line number="13"  hits="1"  branch="false" />
			<line number="16"  hits="1"  branch="false" />
			<line number="21"  hits="1"  branch="false" />
			<line number="24"  hits="1"  branch="false" />
			<line number="26"  hits="22"  branch="false" />
			<line number="27"  hits="22"  branch="true"  condition-coverage="50% (1/2)" />
			<line number="29"  hits="22"  branch="false" />
			<line number="30"  hits="22"  branch="false" />
			<line number="31"  hits="22"  branch="false" />
			<line number="33"  hits="22"  branch="false" />
			<line number="34"  hits="22"  branch="false" />
			<line number="37"  hits="22"  branch="false" />
			<line number="38"  hits="8"  branch="true"  condition-coverage="100% (2/2)" />
			<line number="39"  hits="3"  branch="false" />
			<line number="40"  hits="3"  branch="false" />
			<line number="42"  hits="8"  branch="true"  condition-coverage="100% (2/2)" />
			<line number="43"  hits="1"  branch="false" />
			<line number="46"  hits="7"  branch="true"  condition-coverage="100% (2/2)" />
			<line number="47"  hits="1"  branch="false" />
			<line number="50"  hits="6"  branch="false" />
			<line number="52"  hits="6"  branch="false" />
			<line number="55"  hits="22"  branch="false" />
			<line number="56"  hits="4"  branch="false" />
			<line number="57"  hits="4"  branch="true"  condition-coverage="100% (2/2)" />
			<line number="58"  hits="1"  branch="false" />
			<line number="60"  hits="3"  branch="false" />
			<line number="61"  hits="3"  branch="false" />
			<line number="63"  hits="3"  branch="false" />
			<line number="66"  hits="22"  branch="false" />
			<line number="67"  hits="5"  branch="true"  condition-coverage="100% (2/2)" />
			<line number="70"  hits="22"  branch="true"  condition-coverage="50% (1/2)" />
			<line number="71"  hits="0"  branch="false" />
			<line number="74"  hits="22"  branch="false" />
			<line number="82"  hits="1"  branch="false" />
			<line number="83"  hits="6"  branch="false" />
			<line number="84"  hits="6"  branch="true"  condition-coverage="50% (1/2)" />
			<line number="85"  hits="6"  branch="false" />
			<line number="87"  hits="6"  branch="false" />
			<line number="88"  hits="6"  branch="false" />
			<line number="90"  hits="6"  branch="true"  condition-coverage="50% (1/2)" />
			<line number="91"  hits="6"  branch="false" />
			<line number="92"  hits="1"  branch="false" />
			<line number="96"  hits="6"  branch="true"  condition-coverage="75% (3/4)" />
			<line number="97"  hits="6"  branch="false" />
			<line number="98"  hits="6"  branch="false" />
			<line number="101"  hits="6"  branch="false" />
			<line number="105"  hits="1"  branch="false" />
			<line number="106"  hits="10"  branch="true"  condition-coverage="75% (3/4)" />
			<line number="107"  hits="0"  branch="true"  condition-coverage="0% (0/2)" />
			<line number="111"  hits="1"  branch="false" />
			<line number="112"  hits="6"  branch="true"  condition-coverage="75% (3/4)" />
			<line number="113"  hits="0"  branch="true"  condition-coverage="0% (0/2)" />
			<line number="117"  hits="1"  branch="false" />
		</lines>
		</class>
	</classes>
	</package>
</packages>
</coverage>
