{"lib/Class.js":{"path":"lib/Class.js","s":{"1":1,"2":1,"3":0,"4":1,"5":0,"6":1,"7":1,"8":1,"9":36,"10":6,"11":6,"12":0,"13":36,"14":13,"15":1,"16":37,"17":30,"18":6,"19":24,"20":0,"21":24,"22":1,"23":258,"24":258,"25":203,"26":55,"27":0,"28":55,"29":116,"30":116,"31":11,"32":105,"33":31,"34":31,"35":74,"36":28,"37":27,"38":45,"39":27,"40":27,"41":5,"42":0,"43":1,"44":46,"45":55,"46":48,"47":48,"48":1,"49":47,"50":32,"51":15,"52":2,"53":47,"54":23,"55":55,"56":55,"57":55,"58":1,"59":48,"60":48,"61":1,"62":2,"63":2,"64":1,"65":30,"66":30,"67":1,"68":2,"69":1,"70":7,"71":7,"72":10,"73":7,"74":1,"75":194,"76":1,"77":1,"78":3,"79":1,"80":1,"81":6,"82":6,"83":6,"84":24,"85":18,"86":6,"87":3,"88":6,"89":5,"90":5,"91":6,"92":1},"b":{"1":[0,1],"2":[1,0],"3":[0,1],"4":[6,0],"5":[13,23],"6":[36,13],"7":[30,7],"8":[6,24],"9":[0,24],"10":[24,14,0,0],"11":[24,0],"12":[203,55],"13":[0,55],"14":[55,11],"15":[11,105],"16":[31,74],"17":[28,46],"18":[74,33],"19":[27,1],"20":[28,21,1],"21":[27,0],"22":[5,22],"23":[1,47],"24":[32,15],"25":[2,13],"26":[23,24],"27":[11,44],"28":[11,0],"29":[2,0],"30":[6,1],"31":[6,0],"32":[6,0],"33":[18,6],"34":[3,3],"35":[5,1]},"f":{"1":1,"2":1,"3":36,"4":6,"5":37,"6":258,"7":116,"8":45,"9":48,"10":48,"11":2,"12":30,"13":2,"14":7,"15":194,"16":1,"17":3,"18":6,"19":24,"20":0},"fnMap":{"1":{"name":"(anonymous_1)","line":2,"loc":{"start":{"line":2,"column":1},"end":{"line":2,"column":26}},"skip":true},"2":{"name":"(anonymous_2)","line":18,"loc":{"start":{"line":18,"column":8},"end":{"line":18,"column":20}},"skip":true},"3":{"name":"(anonymous_3)","line":25,"loc":{"start":{"line":25,"column":15},"end":{"line":25,"column":43}},"skip":true},"4":{"name":"(anonymous_4)","line":26,"loc":{"start":{"line":26,"column":21},"end":{"line":26,"column":32}},"skip":true},"5":{"name":"(anonymous_5)","line":36,"loc":{"start":{"line":36,"column":24},"end":{"line":36,"column":52}},"skip":true},"6":{"name":"(anonymous_6)","line":53,"loc":{"start":{"line":53,"column":16},"end":{"line":53,"column":42}},"skip":true},"7":{"name":"(anonymous_7)","line":66,"loc":{"start":{"line":66,"column":45},"end":{"line":66,"column":58}},"skip":true},"8":{"name":"(anonymous_8)","line":85,"loc":{"start":{"line":85,"column":52},"end":{"line":85,"column":65}},"skip":true},"9":{"name":"(anonymous_9)","line":106,"loc":{"start":{"line":106,"column":27},"end":{"line":106,"column":37}},"skip":true},"10":{"name":"(anonymous_10)","line":129,"loc":{"start":{"line":129,"column":23},"end":{"line":129,"column":34}},"skip":true},"11":{"name":"(anonymous_11)","line":135,"loc":{"start":{"line":135,"column":25},"end":{"line":135,"column":36}},"skip":true},"12":{"name":"(anonymous_12)","line":141,"loc":{"start":{"line":141,"column":21},"end":{"line":141,"column":32}},"skip":true},"13":{"name":"(anonymous_13)","line":147,"loc":{"start":{"line":147,"column":18},"end":{"line":147,"column":37}},"skip":true},"14":{"name":"(anonymous_14)","line":152,"loc":{"start":{"line":152,"column":17},"end":{"line":152,"column":36}},"skip":true},"15":{"name":"(anonymous_15)","line":159,"loc":{"start":{"line":159,"column":19},"end":{"line":159,"column":59}},"skip":true},"16":{"name":"(anonymous_16)","line":164,"loc":{"start":{"line":164,"column":22},"end":{"line":164,"column":47}},"skip":true},"17":{"name":"(anonymous_17)","line":165,"loc":{"start":{"line":165,"column":35},"end":{"line":165,"column":48}},"skip":true},"18":{"name":"(anonymous_18)","line":173,"loc":{"start":{"line":173,"column":20},"end":{"line":173,"column":47}},"skip":true},"19":{"name":"(anonymous_19)","line":178,"loc":{"start":{"line":178,"column":59},"end":{"line":178,"column":74}},"skip":true},"20":{"name":"(anonymous_20)","line":180,"loc":{"start":{"line":180,"column":40},"end":{"line":180,"column":50}},"skip":true}},"statementMap":{"1":{"start":{"line":2,"column":0},"end":{"line":197,"column":4},"skip":true},"2":{"start":{"line":6,"column":4},"end":{"line":17,"column":5},"skip":true},"3":{"start":{"line":8,"column":8},"end":{"line":8,"column":28},"skip":true},"4":{"start":{"line":9,"column":11},"end":{"line":17,"column":5},"skip":true},"5":{"start":{"line":13,"column":8},"end":{"line":13,"column":35},"skip":true},"6":{"start":{"line":16,"column":8},"end":{"line":16,"column":31},"skip":true},"7":{"start":{"line":21,"column":4},"end":{"line":21,"column":38},"skip":true},"8":{"start":{"line":25,"column":4},"end":{"line":32,"column":6},"skip":true},"9":{"start":{"line":26,"column":8},"end":{"line":29,"column":10},"skip":true},"10":{"start":{"line":27,"column":12},"end":{"line":28,"column":106},"skip":true},"11":{"start":{"line":27,"column":31},"end":{"line":27,"column":103},"skip":true},"12":{"start":{"line":28,"column":17},"end":{"line":28,"column":106},"skip":true},"13":{"start":{"line":31,"column":8},"end":{"line":31,"column":85},"skip":true},"14":{"start":{"line":31,"column":38},"end":{"line":31,"column":85},"skip":true},"15":{"start":{"line":36,"column":4},"end":{"line":49,"column":6},"skip":true},"16":{"start":{"line":37,"column":8},"end":{"line":48,"column":9},"skip":true},"17":{"start":{"line":38,"column":12},"end":{"line":47,"column":13},"skip":true},"18":{"start":{"line":39,"column":16},"end":{"line":39,"column":78},"skip":true},"19":{"start":{"line":41,"column":17},"end":{"line":47,"column":13},"skip":true},"20":{"start":{"line":43,"column":16},"end":{"line":43,"column":84},"skip":true},"21":{"start":{"line":46,"column":16},"end":{"line":46,"column":111},"skip":true},"22":{"start":{"line":53,"column":4},"end":{"line":125,"column":6},"skip":true},"23":{"start":{"line":54,"column":8},"end":{"line":54,"column":48},"skip":true},"24":{"start":{"line":57,"column":8},"end":{"line":59,"column":9},"skip":true},"25":{"start":{"line":58,"column":12},"end":{"line":58,"column":92},"skip":true},"26":{"start":{"line":63,"column":8},"end":{"line":63,"column":132},"skip":true},"27":{"start":{"line":63,"column":80},"end":{"line":63,"column":132},"skip":true},"28":{"start":{"line":66,"column":8},"end":{"line":101,"column":11},"skip":true},"29":{"start":{"line":67,"column":12},"end":{"line":67,"column":48},"skip":true},"30":{"start":{"line":70,"column":12},"end":{"line":100,"column":87},"skip":true},"31":{"start":{"line":70,"column":36},"end":{"line":70,"column":43},"skip":true},"32":{"start":{"line":73,"column":17},"end":{"line":100,"column":87},"skip":true},"33":{"start":{"line":74,"column":16},"end":{"line":74,"column":80},"skip":true},"34":{"start":{"line":77,"column":16},"end":{"line":77,"column":66},"skip":true},"35":{"start":{"line":81,"column":17},"end":{"line":100,"column":87},"skip":true},"36":{"start":{"line":84,"column":16},"end":{"line":96,"column":17},"skip":true},"37":{"start":{"line":85,"column":20},"end":{"line":92,"column":21},"skip":true},"38":{"start":{"line":85,"column":67},"end":{"line":85,"column":160},"skip":true},"39":{"start":{"line":87,"column":24},"end":{"line":87,"column":51},"skip":true},"40":{"start":{"line":88,"column":24},"end":{"line":88,"column":122},"skip":true},"41":{"start":{"line":88,"column":66},"end":{"line":88,"column":122},"skip":true},"42":{"start":{"line":91,"column":24},"end":{"line":91,"column":112},"skip":true},"43":{"start":{"line":95,"column":20},"end":{"line":95,"column":108},"skip":true},"44":{"start":{"line":100,"column":17},"end":{"line":100,"column":87},"skip":true},"45":{"start":{"line":106,"column":8},"end":{"line":115,"column":10},"skip":true},"46":{"start":{"line":107,"column":12},"end":{"line":107,"column":23},"skip":true},"47":{"start":{"line":109,"column":12},"end":{"line":109,"column":102},"skip":true},"48":{"start":{"line":109,"column":23},"end":{"line":109,"column":102},"skip":true},"49":{"start":{"line":111,"column":12},"end":{"line":112,"column":145},"skip":true},"50":{"start":{"line":111,"column":27},"end":{"line":111,"column":97},"skip":true},"51":{"start":{"line":112,"column":17},"end":{"line":112,"column":145},"skip":true},"52":{"start":{"line":112,"column":69},"end":{"line":112,"column":145},"skip":true},"53":{"start":{"line":114,"column":12},"end":{"line":114,"column":61},"skip":true},"54":{"start":{"line":114,"column":47},"end":{"line":114,"column":61},"skip":true},"55":{"start":{"line":119,"column":8},"end":{"line":119,"column":197},"skip":true},"56":{"start":{"line":122,"column":8},"end":{"line":122,"column":88},"skip":true},"57":{"start":{"line":124,"column":8},"end":{"line":124,"column":32},"skip":true},"58":{"start":{"line":129,"column":4},"end":{"line":132,"column":6},"skip":true},"59":{"start":{"line":130,"column":8},"end":{"line":130,"column":83},"skip":true},"60":{"start":{"line":131,"column":8},"end":{"line":131,"column":20},"skip":true},"61":{"start":{"line":135,"column":4},"end":{"line":138,"column":6},"skip":true},"62":{"start":{"line":136,"column":8},"end":{"line":136,"column":85},"skip":true},"63":{"start":{"line":137,"column":8},"end":{"line":137,"column":20},"skip":true},"64":{"start":{"line":141,"column":4},"end":{"line":144,"column":6},"skip":true},"65":{"start":{"line":142,"column":8},"end":{"line":142,"column":81},"skip":true},"66":{"start":{"line":143,"column":8},"end":{"line":143,"column":20},"skip":true},"67":{"start":{"line":147,"column":4},"end":{"line":149,"column":6},"skip":true},"68":{"start":{"line":148,"column":8},"end":{"line":148,"column":90},"skip":true},"69":{"start":{"line":152,"column":4},"end":{"line":156,"column":6},"skip":true},"70":{"start":{"line":153,"column":8},"end":{"line":153,"column":22},"skip":true},"71":{"start":{"line":154,"column":8},"end":{"line":154,"column":49},"skip":true},"72":{"start":{"line":154,"column":34},"end":{"line":154,"column":49},"skip":true},"73":{"start":{"line":155,"column":8},"end":{"line":155,"column":20},"skip":true},"74":{"start":{"line":159,"column":4},"end":{"line":161,"column":6},"skip":true},"75":{"start":{"line":160,"column":8},"end":{"line":160,"column":62},"skip":true},"76":{"start":{"line":164,"column":4},"end":{"line":170,"column":6},"skip":true},"77":{"start":{"line":165,"column":8},"end":{"line":167,"column":11},"skip":true},"78":{"start":{"line":166,"column":12},"end":{"line":166,"column":38},"skip":true},"79":{"start":{"line":169,"column":8},"end":{"line":169,"column":22},"skip":true},"80":{"start":{"line":173,"column":4},"end":{"line":194,"column":6},"skip":true},"81":{"start":{"line":174,"column":8},"end":{"line":174,"column":40},"skip":true},"82":{"start":{"line":176,"column":8},"end":{"line":191,"column":9},"skip":true},"83":{"start":{"line":178,"column":12},"end":{"line":185,"column":15},"skip":true},"84":{"start":{"line":179,"column":16},"end":{"line":184,"column":17},"skip":true},"85":{"start":{"line":180,"column":20},"end":{"line":180,"column":53},"skip":true},"86":{"start":{"line":182,"column":21},"end":{"line":184,"column":17},"skip":true},"87":{"start":{"line":183,"column":20},"end":{"line":183,"column":50},"skip":true},"88":{"start":{"line":187,"column":12},"end":{"line":190,"column":13},"skip":true},"89":{"start":{"line":188,"column":16},"end":{"line":188,"column":39},"skip":true},"90":{"start":{"line":189,"column":16},"end":{"line":189,"column":77},"skip":true},"91":{"start":{"line":193,"column":8},"end":{"line":193,"column":27},"skip":true},"92":{"start":{"line":196,"column":4},"end":{"line":196,"column":17},"skip":true}},"branchMap":{"1":{"line":6,"type":"if","locations":[{"start":{"line":6,"column":4},"end":{"line":6,"column":4},"skip":true},{"start":{"line":6,"column":4},"end":{"line":6,"column":4},"skip":true}]},"2":{"line":6,"type":"binary-expr","locations":[{"start":{"line":6,"column":8},"end":{"line":6,"column":36},"skip":true},{"start":{"line":6,"column":40},"end":{"line":6,"column":50},"skip":true}]},"3":{"line":9,"type":"if","locations":[{"start":{"line":9,"column":11},"end":{"line":9,"column":11},"skip":true},{"start":{"line":9,"column":11},"end":{"line":9,"column":11},"skip":true}]},"4":{"line":27,"type":"if","locations":[{"start":{"line":27,"column":12},"end":{"line":27,"column":12},"skip":true},{"start":{"line":27,"column":12},"end":{"line":27,"column":12},"skip":true}]},"5":{"line":31,"type":"if","locations":[{"start":{"line":31,"column":8},"end":{"line":31,"column":8},"skip":true},{"start":{"line":31,"column":8},"end":{"line":31,"column":8},"skip":true}]},"6":{"line":31,"type":"binary-expr","locations":[{"start":{"line":31,"column":12},"end":{"line":31,"column":17},"skip":true},{"start":{"line":31,"column":21},"end":{"line":31,"column":36},"skip":true}]},"7":{"line":37,"type":"if","locations":[{"start":{"line":37,"column":8},"end":{"line":37,"column":8},"skip":true},{"start":{"line":37,"column":8},"end":{"line":37,"column":8},"skip":true}]},"8":{"line":38,"type":"if","locations":[{"start":{"line":38,"column":12},"end":{"line":38,"column":12},"skip":true},{"start":{"line":38,"column":12},"end":{"line":38,"column":12},"skip":true}]},"9":{"line":41,"type":"if","locations":[{"start":{"line":41,"column":17},"end":{"line":41,"column":17},"skip":true},{"start":{"line":41,"column":17},"end":{"line":41,"column":17},"skip":true}]},"10":{"line":41,"type":"binary-expr","locations":[{"start":{"line":41,"column":21},"end":{"line":41,"column":40},"skip":true},{"start":{"line":41,"column":44},"end":{"line":41,"column":59},"skip":true},{"start":{"line":41,"column":63},"end":{"line":41,"column":88},"skip":true},{"start":{"line":41,"column":92},"end":{"line":41,"column":131},"skip":true}]},"11":{"line":46,"type":"cond-expr","locations":[{"start":{"line":46,"column":74},"end":{"line":46,"column":102},"skip":true},{"start":{"line":46,"column":105},"end":{"line":46,"column":109},"skip":true}]},"12":{"line":57,"type":"if","locations":[{"start":{"line":57,"column":8},"end":{"line":57,"column":8},"skip":true},{"start":{"line":57,"column":8},"end":{"line":57,"column":8},"skip":true}]},"13":{"line":63,"type":"if","locations":[{"start":{"line":63,"column":8},"end":{"line":63,"column":8},"skip":true},{"start":{"line":63,"column":8},"end":{"line":63,"column":8},"skip":true}]},"14":{"line":63,"type":"binary-expr","locations":[{"start":{"line":63,"column":12},"end":{"line":63,"column":36},"skip":true},{"start":{"line":63,"column":40},"end":{"line":63,"column":78},"skip":true}]},"15":{"line":70,"type":"if","locations":[{"start":{"line":70,"column":12},"end":{"line":70,"column":12},"skip":true},{"start":{"line":70,"column":12},"end":{"line":70,"column":12},"skip":true}]},"16":{"line":73,"type":"if","locations":[{"start":{"line":73,"column":17},"end":{"line":73,"column":17},"skip":true},{"start":{"line":73,"column":17},"end":{"line":73,"column":17},"skip":true}]},"17":{"line":81,"type":"if","locations":[{"start":{"line":81,"column":17},"end":{"line":81,"column":17},"skip":true},{"start":{"line":81,"column":17},"end":{"line":81,"column":17},"skip":true}]},"18":{"line":81,"type":"binary-expr","locations":[{"start":{"line":81,"column":21},"end":{"line":81,"column":49},"skip":true},{"start":{"line":81,"column":53},"end":{"line":81,"column":115},"skip":true}]},"19":{"line":84,"type":"if","locations":[{"start":{"line":84,"column":16},"end":{"line":84,"column":16},"skip":true},{"start":{"line":84,"column":16},"end":{"line":84,"column":16},"skip":true}]},"20":{"line":84,"type":"binary-expr","locations":[{"start":{"line":84,"column":20},"end":{"line":84,"column":63},"skip":true},{"start":{"line":84,"column":67},"end":{"line":84,"column":112},"skip":true},{"start":{"line":84,"column":116},"end":{"line":84,"column":159},"skip":true}]},"21":{"line":85,"type":"if","locations":[{"start":{"line":85,"column":20},"end":{"line":85,"column":20},"skip":true},{"start":{"line":85,"column":20},"end":{"line":85,"column":20},"skip":true}]},"22":{"line":88,"type":"if","locations":[{"start":{"line":88,"column":24},"end":{"line":88,"column":24},"skip":true},{"start":{"line":88,"column":24},"end":{"line":88,"column":24},"skip":true}]},"23":{"line":109,"type":"if","locations":[{"start":{"line":109,"column":12},"end":{"line":109,"column":12},"skip":true},{"start":{"line":109,"column":12},"end":{"line":109,"column":12},"skip":true}]},"24":{"line":111,"type":"if","locations":[{"start":{"line":111,"column":12},"end":{"line":111,"column":12},"skip":true},{"start":{"line":111,"column":12},"end":{"line":111,"column":12},"skip":true}]},"25":{"line":112,"type":"if","locations":[{"start":{"line":112,"column":17},"end":{"line":112,"column":17},"skip":true},{"start":{"line":112,"column":17},"end":{"line":112,"column":17},"skip":true}]},"26":{"line":114,"type":"if","locations":[{"start":{"line":114,"column":12},"end":{"line":114,"column":12},"skip":true},{"start":{"line":114,"column":12},"end":{"line":114,"column":12},"skip":true}]},"27":{"line":119,"type":"cond-expr","locations":[{"start":{"line":119,"column":79},"end":{"line":119,"column":177},"skip":true},{"start":{"line":119,"column":181},"end":{"line":119,"column":183},"skip":true}]},"28":{"line":119,"type":"cond-expr","locations":[{"start":{"line":119,"column":116},"end":{"line":119,"column":150},"skip":true},{"start":{"line":119,"column":153},"end":{"line":119,"column":177},"skip":true}]},"29":{"line":148,"type":"cond-expr","locations":[{"start":{"line":148,"column":46},"end":{"line":148,"column":77},"skip":true},{"start":{"line":148,"column":80},"end":{"line":148,"column":89},"skip":true}]},"30":{"line":174,"type":"binary-expr","locations":[{"start":{"line":174,"column":22},"end":{"line":174,"column":33},"skip":true},{"start":{"line":174,"column":37},"end":{"line":174,"column":39},"skip":true}]},"31":{"line":176,"type":"if","locations":[{"start":{"line":176,"column":8},"end":{"line":176,"column":8},"skip":true},{"start":{"line":176,"column":8},"end":{"line":176,"column":8},"skip":true}]},"32":{"line":176,"type":"binary-expr","locations":[{"start":{"line":176,"column":12},"end":{"line":176,"column":34},"skip":true},{"start":{"line":176,"column":38},"end":{"line":176,"column":62},"skip":true}]},"33":{"line":179,"type":"if","locations":[{"start":{"line":179,"column":16},"end":{"line":179,"column":16},"skip":true},{"start":{"line":179,"column":16},"end":{"line":179,"column":16},"skip":true}]},"34":{"line":182,"type":"if","locations":[{"start":{"line":182,"column":21},"end":{"line":182,"column":21},"skip":true},{"start":{"line":182,"column":21},"end":{"line":182,"column":21},"skip":true}]},"35":{"line":187,"type":"if","locations":[{"start":{"line":187,"column":12},"end":{"line":187,"column":12},"skip":true},{"start":{"line":187,"column":12},"end":{"line":187,"column":12},"skip":true}]}}},"lib/EventEmitter.js":{"path":"lib/EventEmitter.js","s":{"1":1,"2":1,"3":0,"4":1,"5":0,"6":1,"7":1,"8":1,"9":0,"10":0,"11":0,"12":0,"13":0,"14":0,"15":0,"16":0,"17":0,"18":0,"19":0,"20":0,"21":0,"22":0,"23":0,"24":0,"25":0,"26":0,"27":0,"28":0,"29":0,"30":0,"31":0,"32":0,"33":0,"34":0,"35":0,"36":0,"37":0,"38":0,"39":0,"40":0,"41":0,"42":0,"43":0,"44":0,"45":0,"46":0,"47":0,"48":0,"49":0,"50":0,"51":0,"52":0,"53":0,"54":0,"55":1},"b":{"1":[0,1],"2":[1,0],"3":[0,1],"4":[0,0],"5":[0,0],"6":[0,0],"7":[0,0],"8":[0,0],"9":[0,0],"10":[0,0],"11":[0,0],"12":[0,0],"13":[0,0],"14":[0,0],"15":[0,0],"16":[0,0],"17":[0,0]},"f":{"1":1,"2":1,"3":0,"4":0,"5":0,"6":0,"7":0,"8":0,"9":0,"10":0},"fnMap":{"1":{"name":"(anonymous_1)","line":2,"loc":{"start":{"line":2,"column":1},"end":{"line":2,"column":26}},"skip":true},"2":{"name":"(anonymous_2)","line":18,"loc":{"start":{"line":18,"column":8},"end":{"line":18,"column":25}},"skip":true},"3":{"name":"(anonymous_3)","line":28,"loc":{"start":{"line":28,"column":8},"end":{"line":28,"column":18}},"skip":true},"4":{"name":"(anonymous_4)","line":34,"loc":{"start":{"line":34,"column":8},"end":{"line":34,"column":29}},"skip":true},"5":{"name":"(anonymous_5)","line":54,"loc":{"start":{"line":54,"column":54},"end":{"line":54,"column":65}},"skip":true},"6":{"name":"(anonymous_6)","line":66,"loc":{"start":{"line":66,"column":12},"end":{"line":66,"column":28}},"skip":true},"7":{"name":"(anonymous_7)","line":72,"loc":{"start":{"line":72,"column":7},"end":{"line":72,"column":33}},"skip":true},"8":{"name":"(anonymous_8)","line":99,"loc":{"start":{"line":99,"column":8},"end":{"line":99,"column":34}},"skip":true},"9":{"name":"(anonymous_9)","line":106,"loc":{"start":{"line":106,"column":6},"end":{"line":106,"column":38}},"skip":true},"10":{"name":"(anonymous_10)","line":127,"loc":{"start":{"line":127,"column":15},"end":{"line":127,"column":47}},"skip":true}},"statementMap":{"1":{"start":{"line":2,"column":0},"end":{"line":141,"column":4},"skip":true},"2":{"start":{"line":6,"column":4},"end":{"line":17,"column":5},"skip":true},"3":{"start":{"line":8,"column":8},"end":{"line":8,"column":47},"skip":true},"4":{"start":{"line":9,"column":11},"end":{"line":17,"column":5},"skip":true},"5":{"start":{"line":13,"column":8},"end":{"line":13,"column":63},"skip":true},"6":{"start":{"line":16,"column":8},"end":{"line":16,"column":48},"skip":true},"7":{"start":{"line":21,"column":1},"end":{"line":21,"column":24},"skip":true},"8":{"start":{"line":25,"column":1},"end":{"line":137,"column":4},"skip":true},"9":{"start":{"line":29,"column":4},"end":{"line":29,"column":112},"skip":true},"10":{"start":{"line":29,"column":57},"end":{"line":29,"column":112},"skip":true},"11":{"start":{"line":30,"column":4},"end":{"line":30,"column":27},"skip":true},"12":{"start":{"line":35,"column":3},"end":{"line":35,"column":44},"skip":true},"13":{"start":{"line":38,"column":3},"end":{"line":60,"column":4},"skip":true},"14":{"start":{"line":39,"column":4},"end":{"line":39,"column":37},"skip":true},"15":{"start":{"line":40,"column":4},"end":{"line":51,"column":5},"skip":true},"16":{"start":{"line":41,"column":5},"end":{"line":41,"column":40},"skip":true},"17":{"start":{"line":43,"column":5},"end":{"line":50,"column":6},"skip":true},"18":{"start":{"line":44,"column":6},"end":{"line":44,"column":72},"skip":true},"19":{"start":{"line":45,"column":6},"end":{"line":45,"column":59},"skip":true},"20":{"start":{"line":45,"column":24},"end":{"line":45,"column":59},"skip":true},"21":{"start":{"line":48,"column":6},"end":{"line":48,"column":45},"skip":true},"22":{"start":{"line":49,"column":6},"end":{"line":49,"column":110},"skip":true},"23":{"start":{"line":53,"column":8},"end":{"line":60,"column":4},"skip":true},"24":{"start":{"line":54,"column":4},"end":{"line":56,"column":7},"skip":true},"25":{"start":{"line":55,"column":5},"end":{"line":55,"column":31},"skip":true},"26":{"start":{"line":58,"column":4},"end":{"line":58,"column":60},"skip":true},"27":{"start":{"line":59,"column":4},"end":{"line":59,"column":23},"skip":true},"28":{"start":{"line":62,"column":3},"end":{"line":62,"column":15},"skip":true},"29":{"start":{"line":67,"column":3},"end":{"line":67,"column":80},"skip":true},"30":{"start":{"line":73,"column":3},"end":{"line":73,"column":9},"skip":true},"31":{"start":{"line":75,"column":3},"end":{"line":89,"column":4},"skip":true},"32":{"start":{"line":76,"column":4},"end":{"line":85,"column":65},"skip":true},"33":{"start":{"line":77,"column":5},"end":{"line":77,"column":38},"skip":true},"34":{"start":{"line":79,"column":5},"end":{"line":83,"column":6},"skip":true},"35":{"start":{"line":80,"column":6},"end":{"line":82,"column":7},"skip":true},"36":{"start":{"line":81,"column":7},"end":{"line":81,"column":42},"skip":true},"37":{"start":{"line":85,"column":9},"end":{"line":85,"column":65},"skip":true},"38":{"start":{"line":85,"column":36},"end":{"line":85,"column":65},"skip":true},"39":{"start":{"line":88,"column":4},"end":{"line":88,"column":25},"skip":true},"40":{"start":{"line":91,"column":3},"end":{"line":91,"column":48},"skip":true},"41":{"start":{"line":93,"column":3},"end":{"line":93,"column":15},"skip":true},"42":{"start":{"line":100,"column":3},"end":{"line":100,"column":41},"skip":true},"43":{"start":{"line":107,"column":3},"end":{"line":107,"column":15},"skip":true},"44":{"start":{"line":109,"column":3},"end":{"line":120,"column":4},"skip":true},"45":{"start":{"line":111,"column":4},"end":{"line":111,"column":31},"skip":true},"46":{"start":{"line":112,"column":4},"end":{"line":112,"column":22},"skip":true},"47":{"start":{"line":114,"column":4},"end":{"line":116,"column":5},"skip":true},"48":{"start":{"line":115,"column":5},"end":{"line":115,"column":53},"skip":true},"49":{"start":{"line":119,"column":4},"end":{"line":119,"column":44},"skip":true},"50":{"start":{"line":122,"column":3},"end":{"line":122,"column":15},"skip":true},"51":{"start":{"line":128,"column":3},"end":{"line":128,"column":58},"skip":true},"52":{"start":{"line":128,"column":31},"end":{"line":128,"column":58},"skip":true},"53":{"start":{"line":130,"column":3},"end":{"line":130,"column":57},"skip":true},"54":{"start":{"line":132,"column":3},"end":{"line":135,"column":6},"skip":true},"55":{"start":{"line":139,"column":1},"end":{"line":139,"column":21},"skip":true}},"branchMap":{"1":{"line":6,"type":"if","locations":[{"start":{"line":6,"column":4},"end":{"line":6,"column":4},"skip":true},{"start":{"line":6,"column":4},"end":{"line":6,"column":4},"skip":true}]},"2":{"line":6,"type":"binary-expr","locations":[{"start":{"line":6,"column":8},"end":{"line":6,"column":36},"skip":true},{"start":{"line":6,"column":40},"end":{"line":6,"column":50},"skip":true}]},"3":{"line":9,"type":"if","locations":[{"start":{"line":9,"column":11},"end":{"line":9,"column":11},"skip":true},{"start":{"line":9,"column":11},"end":{"line":9,"column":11},"skip":true}]},"4":{"line":29,"type":"if","locations":[{"start":{"line":29,"column":4},"end":{"line":29,"column":4},"skip":true},{"start":{"line":29,"column":4},"end":{"line":29,"column":4},"skip":true}]},"5":{"line":38,"type":"if","locations":[{"start":{"line":38,"column":3},"end":{"line":38,"column":3},"skip":true},{"start":{"line":38,"column":3},"end":{"line":38,"column":3},"skip":true}]},"6":{"line":43,"type":"if","locations":[{"start":{"line":43,"column":5},"end":{"line":43,"column":5},"skip":true},{"start":{"line":43,"column":5},"end":{"line":43,"column":5},"skip":true}]},"7":{"line":45,"type":"if","locations":[{"start":{"line":45,"column":6},"end":{"line":45,"column":6},"skip":true},{"start":{"line":45,"column":6},"end":{"line":45,"column":6},"skip":true}]},"8":{"line":53,"type":"if","locations":[{"start":{"line":53,"column":8},"end":{"line":53,"column":8},"skip":true},{"start":{"line":53,"column":8},"end":{"line":53,"column":8},"skip":true}]},"9":{"line":67,"type":"cond-expr","locations":[{"start":{"line":67,"column":53},"end":{"line":67,"column":74},"skip":true},{"start":{"line":67,"column":77},"end":{"line":67,"column":79},"skip":true}]},"10":{"line":67,"type":"binary-expr","locations":[{"start":{"line":67,"column":10},"end":{"line":67,"column":24},"skip":true},{"start":{"line":67,"column":28},"end":{"line":67,"column":49},"skip":true}]},"11":{"line":75,"type":"if","locations":[{"start":{"line":75,"column":3},"end":{"line":75,"column":3},"skip":true},{"start":{"line":75,"column":3},"end":{"line":75,"column":3},"skip":true}]},"12":{"line":76,"type":"if","locations":[{"start":{"line":76,"column":4},"end":{"line":76,"column":4},"skip":true},{"start":{"line":76,"column":4},"end":{"line":76,"column":4},"skip":true}]},"13":{"line":76,"type":"binary-expr","locations":[{"start":{"line":76,"column":8},"end":{"line":76,"column":16},"skip":true},{"start":{"line":76,"column":20},"end":{"line":76,"column":41},"skip":true}]},"14":{"line":80,"type":"if","locations":[{"start":{"line":80,"column":6},"end":{"line":80,"column":6},"skip":true},{"start":{"line":80,"column":6},"end":{"line":80,"column":6},"skip":true}]},"15":{"line":85,"type":"if","locations":[{"start":{"line":85,"column":9},"end":{"line":85,"column":9},"skip":true},{"start":{"line":85,"column":9},"end":{"line":85,"column":9},"skip":true}]},"16":{"line":109,"type":"if","locations":[{"start":{"line":109,"column":3},"end":{"line":109,"column":3},"skip":true},{"start":{"line":109,"column":3},"end":{"line":109,"column":3},"skip":true}]},"17":{"line":128,"type":"if","locations":[{"start":{"line":128,"column":3},"end":{"line":128,"column":3},"skip":true},{"start":{"line":128,"column":3},"end":{"line":128,"column":3},"skip":true}]}}},"lib/Namespace.js":{"path":"lib/Namespace.js","s":{"1":1,"2":1,"3":0,"4":1,"5":0,"6":1,"7":1,"8":1,"9":22,"10":22,"11":22,"12":22,"13":22,"14":22,"15":22,"16":22,"17":8,"18":3,"19":3,"20":8,"21":1,"22":7,"23":1,"24":6,"25":6,"26":22,"27":4,"28":4,"29":1,"30":3,"31":3,"32":3,"33":22,"34":5,"35":22,"36":0,"37":22,"38":1,"39":6,"40":6,"41":0,"42":6,"43":6,"44":6,"45":6,"46":6,"47":1,"48":6,"49":6,"50":6,"51":6,"52":1,"53":10,"54":0,"55":1,"56":6,"57":0,"58":1},"b":{"1":[0,1],"2":[1,0],"3":[0,1],"4":[22,0],"5":[3,5],"6":[1,7],"7":[1,6],"8":[1,3],"9":[1,4],"10":[0,22],"11":[0,6],"12":[6,0],"13":[6,0],"14":[6,1],"15":[0,10],"16":[10,10],"17":[0,0],"18":[0,6],"19":[6,6],"20":[0,0]},"f":{"1":1,"2":1,"3":22,"4":22,"5":8,"6":4,"7":5,"8":6,"9":1,"10":10,"11":6},"fnMap":{"1":{"name":"(anonymous_1)","line":2,"loc":{"start":{"line":2,"column":2},"end":{"line":2,"column":27}}},"2":{"name":"(anonymous_2)","line":18,"loc":{"start":{"line":18,"column":8},"end":{"line":18,"column":25}}},"3":{"name":"(anonymous_3)","line":25,"loc":{"start":{"line":25,"column":14},"end":{"line":25,"column":58}}},"4":{"name":"(anonymous_4)","line":33,"loc":{"start":{"line":33,"column":44},"end":{"line":33,"column":57}}},"5":{"name":"(anonymous_5)","line":37,"loc":{"start":{"line":37,"column":49},"end":{"line":37,"column":76}}},"6":{"name":"(anonymous_6)","line":55,"loc":{"start":{"line":55,"column":53},"end":{"line":55,"column":73}}},"7":{"name":"(anonymous_7)","line":66,"loc":{"start":{"line":66,"column":62},"end":{"line":66,"column":73}}},"8":{"name":"(anonymous_8)","line":82,"loc":{"start":{"line":82,"column":24},"end":{"line":82,"column":62}}},"9":{"name":"(anonymous_9)","line":91,"loc":{"start":{"line":91,"column":63},"end":{"line":91,"column":74}}},"10":{"name":"(anonymous_10)","line":105,"loc":{"start":{"line":105,"column":26},"end":{"line":105,"column":53}}},"11":{"name":"(anonymous_11)","line":111,"loc":{"start":{"line":111,"column":22},"end":{"line":111,"column":45}}}},"statementMap":{"1":{"start":{"line":2,"column":1},"end":{"line":119,"column":4}},"2":{"start":{"line":6,"column":4},"end":{"line":17,"column":5},"skip":true},"3":{"start":{"line":8,"column":8},"end":{"line":8,"column":47},"skip":true},"4":{"start":{"line":9,"column":11},"end":{"line":17,"column":5},"skip":true},"5":{"start":{"line":13,"column":8},"end":{"line":13,"column":63},"skip":true},"6":{"start":{"line":16,"column":8},"end":{"line":16,"column":45},"skip":true},"7":{"start":{"line":21,"column":4},"end":{"line":21,"column":30}},"8":{"start":{"line":24,"column":4},"end":{"line":77,"column":7}},"9":{"start":{"line":26,"column":12},"end":{"line":26,"column":28}},"10":{"start":{"line":27,"column":12},"end":{"line":27,"column":42}},"11":{"start":{"line":29,"column":12},"end":{"line":29,"column":52}},"12":{"start":{"line":30,"column":12},"end":{"line":30,"column":63}},"13":{"start":{"line":31,"column":12},"end":{"line":31,"column":57}},"14":{"start":{"line":33,"column":12},"end":{"line":35,"column":15}},"15":{"start":{"line":34,"column":16},"end":{"line":34,"column":88}},"16":{"start":{"line":37,"column":12},"end":{"line":53,"column":16}},"17":{"start":{"line":38,"column":16},"end":{"line":41,"column":17}},"18":{"start":{"line":39,"column":20},"end":{"line":39,"column":38}},"19":{"start":{"line":40,"column":20},"end":{"line":40,"column":47}},"20":{"start":{"line":42,"column":16},"end":{"line":44,"column":17}},"21":{"start":{"line":43,"column":20},"end":{"line":43,"column":91}},"22":{"start":{"line":46,"column":16},"end":{"line":48,"column":17}},"23":{"start":{"line":47,"column":20},"end":{"line":47,"column":146}},"24":{"start":{"line":50,"column":16},"end":{"line":50,"column":54}},"25":{"start":{"line":52,"column":16},"end":{"line":52,"column":29}},"26":{"start":{"line":55,"column":12},"end":{"line":64,"column":16}},"27":{"start":{"line":56,"column":16},"end":{"line":56,"column":43}},"28":{"start":{"line":57,"column":16},"end":{"line":58,"column":159}},"29":{"start":{"line":58,"column":18},"end":{"line":58,"column":159}},"30":{"start":{"line":60,"column":16},"end":{"line":60,"column":82}},"31":{"start":{"line":61,"column":16},"end":{"line":61,"column":85}},"32":{"start":{"line":63,"column":16},"end":{"line":63,"column":33}},"33":{"start":{"line":66,"column":12},"end":{"line":68,"column":16}},"34":{"start":{"line":67,"column":16},"end":{"line":67,"column":111}},"35":{"start":{"line":70,"column":12},"end":{"line":72,"column":13}},"36":{"start":{"line":71,"column":16},"end":{"line":71,"column":91}},"37":{"start":{"line":74,"column":12},"end":{"line":74,"column":24}},"38":{"start":{"line":82,"column":4},"end":{"line":102,"column":6}},"39":{"start":{"line":83,"column":8},"end":{"line":83,"column":35}},"40":{"start":{"line":84,"column":8},"end":{"line":84,"column":99}},"41":{"start":{"line":84,"column":24},"end":{"line":84,"column":99}},"42":{"start":{"line":85,"column":8},"end":{"line":85,"column":27}},"43":{"start":{"line":87,"column":8},"end":{"line":87,"column":78}},"44":{"start":{"line":88,"column":8},"end":{"line":88,"column":70}},"45":{"start":{"line":90,"column":8},"end":{"line":94,"column":9}},"46":{"start":{"line":91,"column":12},"end":{"line":93,"column":16}},"47":{"start":{"line":92,"column":16},"end":{"line":92,"column":75}},"48":{"start":{"line":96,"column":8},"end":{"line":99,"column":9}},"49":{"start":{"line":97,"column":12},"end":{"line":97,"column":62}},"50":{"start":{"line":98,"column":12},"end":{"line":98,"column":64}},"51":{"start":{"line":101,"column":8},"end":{"line":101,"column":21}},"52":{"start":{"line":105,"column":4},"end":{"line":109,"column":6}},"53":{"start":{"line":106,"column":8},"end":{"line":108,"column":9}},"54":{"start":{"line":107,"column":12},"end":{"line":107,"column":79}},"55":{"start":{"line":111,"column":4},"end":{"line":115,"column":6}},"56":{"start":{"line":112,"column":8},"end":{"line":114,"column":9}},"57":{"start":{"line":113,"column":12},"end":{"line":113,"column":76}},"58":{"start":{"line":117,"column":4},"end":{"line":117,"column":21}}},"branchMap":{"1":{"line":6,"type":"if","locations":[{"start":{"line":6,"column":4},"end":{"line":6,"column":4},"skip":true},{"start":{"line":6,"column":4},"end":{"line":6,"column":4},"skip":true}]},"2":{"line":6,"type":"binary-expr","locations":[{"start":{"line":6,"column":8},"end":{"line":6,"column":36},"skip":true},{"start":{"line":6,"column":40},"end":{"line":6,"column":50},"skip":true}]},"3":{"line":9,"type":"if","locations":[{"start":{"line":9,"column":11},"end":{"line":9,"column":11},"skip":true},{"start":{"line":9,"column":11},"end":{"line":9,"column":11},"skip":true}]},"4":{"line":27,"type":"binary-expr","locations":[{"start":{"line":27,"column":25},"end":{"line":27,"column":35}},{"start":{"line":27,"column":39},"end":{"line":27,"column":41}}]},"5":{"line":38,"type":"if","locations":[{"start":{"line":38,"column":16},"end":{"line":38,"column":16}},{"start":{"line":38,"column":16},"end":{"line":38,"column":16}}]},"6":{"line":42,"type":"if","locations":[{"start":{"line":42,"column":16},"end":{"line":42,"column":16}},{"start":{"line":42,"column":16},"end":{"line":42,"column":16}}]},"7":{"line":46,"type":"if","locations":[{"start":{"line":46,"column":16},"end":{"line":46,"column":16}},{"start":{"line":46,"column":16},"end":{"line":46,"column":16}}]},"8":{"line":57,"type":"if","locations":[{"start":{"line":57,"column":16},"end":{"line":57,"column":16}},{"start":{"line":57,"column":16},"end":{"line":57,"column":16}}]},"9":{"line":67,"type":"cond-expr","locations":[{"start":{"line":67,"column":47},"end":{"line":67,"column":97}},{"start":{"line":67,"column":100},"end":{"line":67,"column":102}}]},"10":{"line":70,"type":"if","locations":[{"start":{"line":70,"column":12},"end":{"line":70,"column":12}},{"start":{"line":70,"column":12},"end":{"line":70,"column":12}}]},"11":{"line":84,"type":"if","locations":[{"start":{"line":84,"column":8},"end":{"line":84,"column":8}},{"start":{"line":84,"column":8},"end":{"line":84,"column":8}}]},"12":{"line":90,"type":"if","locations":[{"start":{"line":90,"column":8},"end":{"line":90,"column":8}},{"start":{"line":90,"column":8},"end":{"line":90,"column":8}}]},"13":{"line":96,"type":"if","locations":[{"start":{"line":96,"column":8},"end":{"line":96,"column":8}},{"start":{"line":96,"column":8},"end":{"line":96,"column":8}}]},"14":{"line":96,"type":"binary-expr","locations":[{"start":{"line":96,"column":12},"end":{"line":96,"column":45}},{"start":{"line":96,"column":49},"end":{"line":96,"column":88}}]},"15":{"line":106,"type":"if","locations":[{"start":{"line":106,"column":8},"end":{"line":106,"column":8}},{"start":{"line":106,"column":8},"end":{"line":106,"column":8}}]},"16":{"line":106,"type":"binary-expr","locations":[{"start":{"line":106,"column":12},"end":{"line":106,"column":22}},{"start":{"line":106,"column":26},"end":{"line":106,"column":59}}]},"17":{"line":107,"type":"binary-expr","locations":[{"start":{"line":107,"column":28},"end":{"line":107,"column":33}},{"start":{"line":107,"column":37},"end":{"line":107,"column":77}}]},"18":{"line":112,"type":"if","locations":[{"start":{"line":112,"column":8},"end":{"line":112,"column":8}},{"start":{"line":112,"column":8},"end":{"line":112,"column":8}}]},"19":{"line":112,"type":"binary-expr","locations":[{"start":{"line":112,"column":12},"end":{"line":112,"column":18}},{"start":{"line":112,"column":22},"end":{"line":112,"column":48}}]},"20":{"line":113,"type":"binary-expr","locations":[{"start":{"line":113,"column":28},"end":{"line":113,"column":33}},{"start":{"line":113,"column":37},"end":{"line":113,"column":74}}]}}}}