TN:
SF:lib/Class.js
FN:2,(anonymous_1)
FN:18,(anonymous_2)
FN:25,(anonymous_3)
FN:26,(anonymous_4)
FN:36,(anonymous_5)
FN:53,(anonymous_6)
FN:66,(anonymous_7)
FN:85,(anonymous_8)
FN:106,(anonymous_9)
FN:129,(anonymous_10)
FN:135,(anonymous_11)
FN:141,(anonymous_12)
FN:147,(anonymous_13)
FN:152,(anonymous_14)
FN:159,(anonymous_15)
FN:164,(anonymous_16)
FN:165,(anonymous_17)
FN:173,(anonymous_18)
FN:178,(anonymous_19)
FN:180,(anonymous_20)
FNF:20
FNH:20
FNDA:1,(anonymous_1)
FNDA:1,(anonymous_2)
FNDA:36,(anonymous_3)
FNDA:6,(anonymous_4)
FNDA:37,(anonymous_5)
FNDA:258,(anonymous_6)
FNDA:116,(anonymous_7)
FNDA:45,(anonymous_8)
FNDA:48,(anonymous_9)
FNDA:48,(anonymous_10)
FNDA:2,(anonymous_11)
FNDA:30,(anonymous_12)
FNDA:2,(anonymous_13)
FNDA:7,(anonymous_14)
FNDA:194,(anonymous_15)
FNDA:1,(anonymous_16)
FNDA:3,(anonymous_17)
FNDA:6,(anonymous_18)
FNDA:24,(anonymous_19)
FNDA:0,(anonymous_20)
DA:2,1
DA:6,1
DA:8,1
DA:9,1
DA:13,1
DA:16,1
DA:21,1
DA:25,1
DA:26,36
DA:27,6
DA:28,1
DA:31,36
DA:36,1
DA:37,37
DA:38,30
DA:39,6
DA:41,24
DA:43,1
DA:46,24
DA:53,1
DA:54,258
DA:57,258
DA:58,203
DA:63,55
DA:66,55
DA:67,116
DA:70,116
DA:73,105
DA:74,31
DA:77,31
DA:81,74
DA:84,28
DA:85,45
DA:87,27
DA:88,27
DA:91,1
DA:95,1
DA:100,46
DA:106,55
DA:107,48
DA:109,48
DA:111,47
DA:112,15
DA:114,47
DA:119,55
DA:122,55
DA:124,55
DA:129,1
DA:130,48
DA:131,48
DA:135,1
DA:136,2
DA:137,2
DA:141,1
DA:142,30
DA:143,30
DA:147,1
DA:148,2
DA:152,1
DA:153,7
DA:154,10
DA:155,7
DA:159,1
DA:160,194
DA:164,1
DA:165,1
DA:166,3
DA:169,1
DA:173,1
DA:174,6
DA:176,6
DA:178,6
DA:179,24
DA:180,18
DA:182,6
DA:183,3
DA:187,6
DA:188,5
DA:189,5
DA:193,6
DA:196,1
LF:81
LH:81
BRDA:6,1,0,0
BRDA:6,1,1,1
BRDA:6,2,0,1
BRDA:6,2,1,0
BRDA:9,3,0,0
BRDA:9,3,1,1
BRDA:27,4,0,6
BRDA:27,4,1,0
BRDA:31,5,0,13
BRDA:31,5,1,23
BRDA:31,6,0,36
BRDA:31,6,1,13
BRDA:37,7,0,30
BRDA:37,7,1,7
BRDA:38,8,0,6
BRDA:38,8,1,24
BRDA:41,9,0,0
BRDA:41,9,1,24
BRDA:41,10,0,24
BRDA:41,10,1,14
BRDA:41,10,2,0
BRDA:41,10,3,0
BRDA:46,11,0,24
BRDA:46,11,1,0
BRDA:57,12,0,203
BRDA:57,12,1,55
BRDA:63,13,0,0
BRDA:63,13,1,55
BRDA:63,14,0,55
BRDA:63,14,1,11
BRDA:70,15,0,11
BRDA:70,15,1,105
BRDA:73,16,0,31
BRDA:73,16,1,74
BRDA:81,17,0,28
BRDA:81,17,1,46
BRDA:81,18,0,74
BRDA:81,18,1,33
BRDA:84,19,0,27
BRDA:84,19,1,1
BRDA:84,20,0,28
BRDA:84,20,1,21
BRDA:84,20,2,1
BRDA:85,21,0,27
BRDA:85,21,1,0
BRDA:88,22,0,5
BRDA:88,22,1,22
BRDA:109,23,0,1
BRDA:109,23,1,47
BRDA:111,24,0,32
BRDA:111,24,1,15
BRDA:112,25,0,2
BRDA:112,25,1,13
BRDA:114,26,0,23
BRDA:114,26,1,24
BRDA:119,27,0,11
BRDA:119,27,1,44
BRDA:119,28,0,11
BRDA:119,28,1,0
BRDA:148,29,0,2
BRDA:148,29,1,0
BRDA:174,30,0,6
BRDA:174,30,1,1
BRDA:176,31,0,6
BRDA:176,31,1,0
BRDA:176,32,0,6
BRDA:176,32,1,0
BRDA:179,33,0,18
BRDA:179,33,1,6
BRDA:182,34,0,3
BRDA:182,34,1,3
BRDA:187,35,0,5
BRDA:187,35,1,1
BRF:73
BRH:73
end_of_record
TN:
SF:lib/EventEmitter.js
FN:2,(anonymous_1)
FN:18,(anonymous_2)
FN:28,(anonymous_3)
FN:34,(anonymous_4)
FN:54,(anonymous_5)
FN:66,(anonymous_6)
FN:72,(anonymous_7)
FN:99,(anonymous_8)
FN:106,(anonymous_9)
FN:127,(anonymous_10)
FNF:10
FNH:10
FNDA:1,(anonymous_1)
FNDA:1,(anonymous_2)
FNDA:0,(anonymous_3)
FNDA:0,(anonymous_4)
FNDA:0,(anonymous_5)
FNDA:0,(anonymous_6)
FNDA:0,(anonymous_7)
FNDA:0,(anonymous_8)
FNDA:0,(anonymous_9)
FNDA:0,(anonymous_10)
DA:2,1
DA:6,1
DA:8,1
DA:9,1
DA:13,1
DA:16,1
DA:21,1
DA:25,1
DA:29,1
DA:30,1
DA:35,1
DA:38,1
DA:39,1
DA:40,1
DA:41,1
DA:43,1
DA:44,1
DA:45,1
DA:48,1
DA:49,1
DA:53,1
DA:54,1
DA:55,1
DA:58,1
DA:59,1
DA:62,1
DA:67,1
DA:73,1
DA:75,1
DA:76,1
DA:77,1
DA:79,1
DA:80,1
DA:81,1
DA:85,1
DA:88,1
DA:91,1
DA:93,1
DA:100,1
DA:107,1
DA:109,1
DA:111,1
DA:112,1
DA:114,1
DA:115,1
DA:119,1
DA:122,1
DA:128,1
DA:130,1
DA:132,1
DA:139,1
LF:51
LH:51
BRDA:6,1,0,0
BRDA:6,1,1,1
BRDA:6,2,0,1
BRDA:6,2,1,0
BRDA:9,3,0,0
BRDA:9,3,1,1
BRDA:29,4,0,0
BRDA:29,4,1,0
BRDA:38,5,0,0
BRDA:38,5,1,0
BRDA:43,6,0,0
BRDA:43,6,1,0
BRDA:45,7,0,0
BRDA:45,7,1,0
BRDA:53,8,0,0
BRDA:53,8,1,0
BRDA:67,9,0,0
BRDA:67,9,1,0
BRDA:67,10,0,0
BRDA:67,10,1,0
BRDA:75,11,0,0
BRDA:75,11,1,0
BRDA:76,12,0,0
BRDA:76,12,1,0
BRDA:76,13,0,0
BRDA:76,13,1,0
BRDA:80,14,0,0
BRDA:80,14,1,0
BRDA:85,15,0,0
BRDA:85,15,1,0
BRDA:109,16,0,0
BRDA:109,16,1,0
BRDA:128,17,0,0
BRDA:128,17,1,0
BRF:34
BRH:34
end_of_record
TN:
SF:lib/Namespace.js
FN:2,(anonymous_1)
FN:18,(anonymous_2)
FN:25,(anonymous_3)
FN:33,(anonymous_4)
FN:37,(anonymous_5)
FN:55,(anonymous_6)
FN:66,(anonymous_7)
FN:82,(anonymous_8)
FN:91,(anonymous_9)
FN:105,(anonymous_10)
FN:111,(anonymous_11)
FNF:11
FNH:11
FNDA:1,(anonymous_1)
FNDA:1,(anonymous_2)
FNDA:22,(anonymous_3)
FNDA:22,(anonymous_4)
FNDA:8,(anonymous_5)
FNDA:4,(anonymous_6)
FNDA:5,(anonymous_7)
FNDA:6,(anonymous_8)
FNDA:1,(anonymous_9)
FNDA:10,(anonymous_10)
FNDA:6,(anonymous_11)
DA:2,1
DA:6,1
DA:8,1
DA:9,1
DA:13,1
DA:16,1
DA:21,1
DA:24,1
DA:26,22
DA:27,22
DA:29,22
DA:30,22
DA:31,22
DA:33,22
DA:34,22
DA:37,22
DA:38,8
DA:39,3
DA:40,3
DA:42,8
DA:43,1
DA:46,7
DA:47,1
DA:50,6
DA:52,6
DA:55,22
DA:56,4
DA:57,4
DA:58,1
DA:60,3
DA:61,3
DA:63,3
DA:66,22
DA:67,5
DA:70,22
DA:71,0
DA:74,22
DA:82,1
DA:83,6
DA:84,6
DA:85,6
DA:87,6
DA:88,6
DA:90,6
DA:91,6
DA:92,1
DA:96,6
DA:97,6
DA:98,6
DA:101,6
DA:105,1
DA:106,10
DA:107,0
DA:111,1
DA:112,6
DA:113,0
DA:117,1
LF:57
LH:54
BRDA:6,1,0,0
BRDA:6,1,1,1
BRDA:6,2,0,1
BRDA:6,2,1,0
BRDA:9,3,0,0
BRDA:9,3,1,1
BRDA:27,4,0,22
BRDA:27,4,1,0
BRDA:38,5,0,3
BRDA:38,5,1,5
BRDA:42,6,0,1
BRDA:42,6,1,7
BRDA:46,7,0,1
BRDA:46,7,1,6
BRDA:57,8,0,1
BRDA:57,8,1,3
BRDA:67,9,0,1
BRDA:67,9,1,4
BRDA:70,10,0,0
BRDA:70,10,1,22
BRDA:84,11,0,0
BRDA:84,11,1,6
BRDA:90,12,0,6
BRDA:90,12,1,0
BRDA:96,13,0,6
BRDA:96,13,1,0
BRDA:96,14,0,6
BRDA:96,14,1,1
BRDA:106,15,0,0
BRDA:106,15,1,10
BRDA:106,16,0,10
BRDA:106,16,1,10
BRDA:107,17,0,0
BRDA:107,17,1,0
BRDA:112,18,0,0
BRDA:112,18,1,6
BRDA:112,19,0,6
BRDA:112,19,1,6
BRDA:113,20,0,0
BRDA:113,20,1,0
BRF:40
BRH:29
end_of_record
